<?xml version="1.0" encoding="UTF-8"?>
<!-- Generated by org.testng.reporters.JUnitXMLReporter -->
<testsuite ignored="9" hostname="ALLDT-WS0028" failures="0" tests="1" name="Surefire test" time="32.762" errors="0" timestamp="2025-01-09T20:25:47 IST">
  <testcase classname="Smartqc" name="@BeforeMethod testLoginOrSignUp" time="27.523">
    <failure type="org.openqa.selenium.TimeoutException" message="Expected condition failed: waiting for presence of element located by: By.xpath: //div[@class=&amp;apos;card-body p-5&amp;apos;] (tried for 10 second(s) with 500 milliseconds interval)">
      <![CDATA[org.openqa.selenium.TimeoutException: Expected condition failed: waiting for presence of element located by: By.xpath: //div[@class='card-body p-5'] (tried for 10 second(s) with 500 milliseconds interval)
at org.openqa.selenium.support.ui.WebDriverWait.timeoutException(WebDriverWait.java:84)
at org.openqa.selenium.support.ui.FluentWait.until(FluentWait.java:228)
at Smartqc.testLoginOrSignUp(Smartqc.java:36)
at java.base/java.util.ArrayList.forEach(ArrayList.java:1511)
Caused by: org.openqa.selenium.NoSuchElementException: no such element: Unable to locate element: {"method":"xpath","selector":"//div[@class='card-body p-5']"}
  (Session info: chrome=131.0.6778.206)
For documentation on this error, please visit: https://www.selenium.dev/documentation/webdriver/troubleshooting/errors#no-such-element-exception
Build info: version: '4.23.0', revision: '4df0a231af'
System info: os.name: 'Windows 10', os.arch: 'amd64', os.version: '10.0', java.version: '17.0.11'
Driver info: org.openqa.selenium.chrome.ChromeDriver
Command: [c4e244547e2da28d67216280f2ffe1d7, findElement {using=xpath, value=//div[@class='card-body p-5']}]
Capabilities {acceptInsecureCerts: false, browserName: chrome, browserVersion: 131.0.6778.206, chrome: {chromedriverVersion: 131.0.6778.264 (2d05e315153..., userDataDir: C:\Users\A-00714\AppData\Lo...}, fedcm:accounts: true, goog:chromeOptions: {debuggerAddress: localhost:58936}, networkConnectionEnabled: false, pageLoadStrategy: normal, platformName: windows, proxy: Proxy(), se:cdp: ws://localhost:58936/devtoo..., se:cdpVersion: 131.0.6778.206, setWindowRect: true, strictFileInteractability: false, timeouts: {implicit: 0, pageLoad: 300000, script: 30000}, unhandledPromptBehavior: dismiss and notify, webauthn:extension:credBlob: true, webauthn:extension:largeBlob: true, webauthn:extension:minPinLength: true, webauthn:extension:prf: true, webauthn:virtualAuthenticators: true}
Session ID: c4e244547e2da28d67216280f2ffe1d7
at org.openqa.selenium.remote.ErrorCodec.decode(ErrorCodec.java:167)
at org.openqa.selenium.remote.codec.w3c.W3CHttpResponseCodec.decode(W3CHttpResponseCodec.java:138)
at org.openqa.selenium.remote.codec.w3c.W3CHttpResponseCodec.decode(W3CHttpResponseCodec.java:50)
at org.openqa.selenium.remote.HttpCommandExecutor.execute(HttpCommandExecutor.java:190)
at org.openqa.selenium.remote.service.DriverCommandExecutor.invokeExecute(DriverCommandExecutor.java:216)
at org.openqa.selenium.remote.service.DriverCommandExecutor.execute(DriverCommandExecutor.java:174)
at org.openqa.selenium.remote.RemoteWebDriver.execute(RemoteWebDriver.java:527)
at org.openqa.selenium.remote.ElementLocation$ElementFinder$2.findElement(ElementLocation.java:165)
at org.openqa.selenium.remote.ElementLocation.findElement(ElementLocation.java:59)
at org.openqa.selenium.remote.RemoteWebDriver.findElement(RemoteWebDriver.java:357)
at org.openqa.selenium.remote.RemoteWebDriver.findElement(RemoteWebDriver.java:351)
at org.openqa.selenium.support.ui.ExpectedConditions$6.apply(ExpectedConditions.java:171)
at org.openqa.selenium.support.ui.ExpectedConditions$6.apply(ExpectedConditions.java:168)
at org.openqa.selenium.support.ui.FluentWait.until(FluentWait.java:203)
... 38 more
... Removed 41 stack frames]]>
    </failure>
  </testcase> <!-- @BeforeMethod testLoginOrSignUp -->
  <testcase classname="Smartqc" name="@AfterMethod logout" time="0.0">
    <skipped/>
  </testcase> <!-- @AfterMethod logout -->
  <testcase classname="Smartqc" name="@AfterClass tearDown" time="0.0">
    <skipped/>
  </testcase> <!-- @AfterClass tearDown -->
  <testcase classname="Smartqc" name="testGetStarted" time="0.0">
    <skipped/>
  </testcase> <!-- testGetStarted -->
  <testcase classname="Smartqc" name="ChangePassword" time="0.0">
    <ignored/>
  </testcase> <!-- ChangePassword -->
  <testcase classname="Smartqc" name="Starter" time="0.0">
    <ignored/>
  </testcase> <!-- Starter -->
  <testcase classname="Smartqc" name="Advanced" time="0.0">
    <ignored/>
  </testcase> <!-- Advanced -->
  <testcase classname="Smartqc" name="testBilling" time="0.0">
    <ignored/>
  </testcase> <!-- testBilling -->
  <testcase classname="Smartqc" name="CampaignSearch" time="0.0">
    <ignored/>
  </testcase> <!-- CampaignSearch -->
  <testcase classname="Smartqc" name="ChangeName" time="0.0">
    <ignored/>
  </testcase> <!-- ChangeName -->
  <testcase classname="Smartqc" name="Professional" time="0.0">
    <ignored/>
  </testcase> <!-- Professional -->
  <testcase classname="Smartqc" name="Settings" time="0.0">
    <ignored/>
  </testcase> <!-- Settings -->
  <testcase classname="Smartqc" name="InvoiceHistory" time="0.0">
    <ignored/>
  </testcase> <!-- InvoiceHistory -->
</testsuite> <!-- Surefire test -->
